2024-09-05 14:02:45,372 - INFO - Attempting to connect to MQTT broker at 192.168.1.233:1883
2024-09-05 14:02:45,394 - INFO - Connected to the broker!
2024-09-05 14:02:45,410 - INFO - Subscribed to envsensors/airQ/airQROB
2024-09-05 14:02:45,425 - INFO - Subscribed to envsensors/airQ/airQRITA
2024-09-05 14:02:45,425 - INFO - Subscribed to envsensors/airQ/airQMOMO
2024-09-05 14:02:45,456 - INFO - Subscribed to envsensors/airQ/airQHANS
2024-09-05 14:02:45,502 - INFO - Subscribed to envsensors/airQ/airQDORO
2024-09-05 14:02:45,518 - INFO - Subscribed to envsensors/airQ/airQFOYER
2024-09-05 14:02:45,611 - INFO - Received message on topic: envsensors/airQ/airQROB
2024-09-05 14:02:45,688 - INFO - Created new file airQROB.csv and wrote header
2024-09-05 14:02:45,719 - INFO - Appended data to airQROB.csv
2024-09-05 14:02:45,750 - INFO - Received message on topic: envsensors/airQ/airQRITA
2024-09-05 14:02:45,797 - INFO - Created new file airQRITA.csv and wrote header
2024-09-05 14:02:45,813 - INFO - Appended data to airQRITA.csv
2024-09-05 14:02:45,890 - INFO - Received message on topic: envsensors/airQ/airQMOMO
2024-09-05 14:02:45,953 - INFO - Created new file airQMOMO.csv and wrote header
2024-09-05 14:02:45,985 - INFO - Appended data to airQMOMO.csv
2024-09-05 14:02:46,093 - INFO - Received message on topic: envsensors/airQ/airQHANS
2024-09-05 14:02:46,170 - INFO - Created new file airQHANS.csv and wrote header
2024-09-05 14:02:46,201 - INFO - Appended data to airQHANS.csv
2024-09-05 14:02:46,386 - INFO - Received message on topic: envsensors/airQ/airQDORO
2024-09-05 14:02:46,450 - INFO - Created new file airQDORO.csv and wrote header
2024-09-05 14:02:46,465 - INFO - Appended data to airQDORO.csv
2024-09-05 14:02:46,574 - INFO - Received message on topic: envsensors/airQ/airQFOYER
2024-09-05 14:02:46,667 - INFO - Created new file airQFOYER.csv and wrote header
2024-09-05 14:02:46,698 - INFO - Appended data to airQFOYER.csv
2024-09-05 14:02:50,252 - INFO - Received message on topic: envsensors/airQ/airQRITA
2024-09-05 14:02:50,346 - INFO - Appended data to airQRITA.csv
2024-09-05 14:02:56,426 - INFO - Received message on topic: envsensors/airQ/airQRITA
2024-09-05 14:02:56,520 - INFO - Appended data to airQRITA.csv
2024-09-05 14:03:00,529 - INFO - Received message on topic: envsensors/airQ/airQRITA
2024-09-05 14:03:00,637 - INFO - Appended data to airQRITA.csv
2024-09-05 14:03:04,696 - INFO - Exiting gracefully
2024-09-05 14:03:04,769 - INFO - MQTT client disconnected and loop stopped
2024-09-05 14:06:22,345 - INFO - Attempting to connect to MQTT broker at 192.168.1.233:1883
2024-09-05 14:06:22,377 - INFO - Connected to the broker!
2024-09-05 14:06:22,408 - INFO - Subscribed to envsensors/airQ/airQROB
2024-09-05 14:06:22,439 - INFO - Subscribed to envsensors/airQ/airQRITA
2024-09-05 14:06:22,455 - INFO - Subscribed to envsensors/airQ/airQMOMO
2024-09-05 14:06:22,485 - INFO - Subscribed to envsensors/airQ/airQHANS
2024-09-05 14:06:22,516 - INFO - Subscribed to envsensors/airQ/airQDORO
2024-09-05 14:06:22,562 - INFO - Subscribed to envsensors/airQ/airQFOYER
2024-09-05 14:06:22,654 - INFO - Received message on topic: envsensors/airQ/airQROB
2024-09-05 14:06:22,748 - INFO - Created new file airQROB.csv and wrote header
2024-09-05 14:06:22,764 - INFO - Appended data to airQROB.csv
2024-09-05 14:06:22,825 - INFO - Received message on topic: envsensors/airQ/airQRITA
2024-09-05 14:06:22,887 - INFO - Created new file airQRITA.csv and wrote header
2024-09-05 14:06:22,902 - INFO - Appended data to airQRITA.csv
2024-09-05 14:06:22,933 - INFO - Received message on topic: envsensors/airQ/airQMOMO
2024-09-05 14:06:23,009 - INFO - Created new file airQMOMO.csv and wrote header
2024-09-05 14:06:23,025 - INFO - Appended data to airQMOMO.csv
2024-09-05 14:06:23,102 - INFO - Received message on topic: envsensors/airQ/airQHANS
2024-09-05 14:06:23,133 - INFO - Created new file airQHANS.csv and wrote header
2024-09-05 14:06:23,150 - INFO - Appended data to airQHANS.csv
2024-09-05 14:06:23,258 - INFO - Received message on topic: envsensors/airQ/airQDORO
2024-09-05 14:06:23,353 - INFO - Created new file airQDORO.csv and wrote header
2024-09-05 14:06:23,383 - INFO - Appended data to airQDORO.csv
2024-09-05 14:06:23,525 - INFO - Received message on topic: envsensors/airQ/airQFOYER
2024-09-05 14:06:23,596 - INFO - Created new file airQFOYER.csv and wrote header
2024-09-05 14:06:23,626 - INFO - Appended data to airQFOYER.csv
2024-09-05 14:06:24,736 - INFO - Received message on topic: envsensors/airQ/airQRITA
2024-09-05 14:06:24,815 - INFO - Appended data to airQRITA.csv
2024-09-05 14:06:30,065 - INFO - Received message on topic: envsensors/airQ/airQRITA
2024-09-05 14:06:30,111 - INFO - Appended data to airQRITA.csv
2024-09-05 14:06:35,647 - INFO - Received message on topic: envsensors/airQ/airQRITA
2024-09-05 14:06:35,709 - INFO - Appended data to airQRITA.csv
2024-09-05 14:06:41,284 - INFO - Received message on topic: envsensors/airQ/airQRITA
2024-09-05 14:06:41,360 - INFO - Appended data to airQRITA.csv
2024-09-05 14:06:43,528 - INFO - Exiting gracefully
2024-09-05 14:14:23,077 - INFO - Attempting to connect to MQTT broker at 192.168.1.233:1883
2024-09-05 14:14:23,127 - INFO - Connected to the broker!
2024-09-05 14:14:23,159 - INFO - Subscribed to envsensors/airQ/airQROB
2024-09-05 14:14:23,209 - INFO - Subscribed to envsensors/airQ/airQRITA
2024-09-05 14:14:23,276 - INFO - Subscribed to envsensors/airQ/airQMOMO
2024-09-05 14:14:23,309 - INFO - Subscribed to envsensors/airQ/airQHANS
2024-09-05 14:14:23,359 - INFO - Subscribed to envsensors/airQ/airQDORO
2024-09-05 14:14:23,409 - INFO - Subscribed to envsensors/airQ/airQFOYER
2024-09-05 14:14:23,492 - INFO - Received message on topic: envsensors/airQ/airQROB
2024-09-05 14:14:23,526 - INFO - Created new file airQROB.csv and wrote header
2024-09-05 14:14:23,557 - INFO - Appended data to airQROB.csv
2024-09-05 14:14:23,626 - INFO - Received message on topic: envsensors/airQ/airQRITA
2024-09-05 14:14:23,692 - INFO - Created new file airQRITA.csv and wrote header
2024-09-05 14:14:23,708 - INFO - Appended data to airQRITA.csv
2024-09-05 14:14:23,792 - INFO - Received message on topic: envsensors/airQ/airQMOMO
2024-09-05 14:14:23,842 - INFO - Created new file airQMOMO.csv and wrote header
2024-09-05 14:14:23,858 - INFO - Appended data to airQMOMO.csv
2024-09-05 14:14:23,926 - INFO - Received message on topic: envsensors/airQ/airQHANS
2024-09-05 14:14:24,009 - INFO - Created new file airQHANS.csv and wrote header
2024-09-05 14:14:24,042 - INFO - Appended data to airQHANS.csv
2024-09-05 14:14:24,192 - INFO - Received message on topic: envsensors/airQ/airQDORO
2024-09-05 14:14:24,292 - INFO - Created new file airQDORO.csv and wrote header
2024-09-05 14:14:24,323 - INFO - Appended data to airQDORO.csv
2024-09-05 14:14:24,439 - INFO - Received message on topic: envsensors/airQ/airQFOYER
2024-09-05 14:14:24,556 - INFO - Created new file airQFOYER.csv and wrote header
2024-09-05 14:14:24,561 - INFO - Appended data to airQFOYER.csv
2024-09-05 14:14:35,812 - INFO - Exiting gracefully
2024-09-05 14:16:07,348 - INFO - Attempting to connect to MQTT broker at 192.168.1.233:1883
2024-09-05 14:16:07,374 - INFO - Connected to the broker!
2024-09-05 14:16:07,407 - INFO - Subscribed to envsensors/airQ/airQROB
2024-09-05 14:16:07,440 - INFO - Subscribed to envsensors/airQ/airQRITA
2024-09-05 14:16:07,457 - INFO - Subscribed to envsensors/airQ/airQMOMO
2024-09-05 14:16:07,507 - INFO - Subscribed to envsensors/airQ/airQHANS
2024-09-05 14:16:07,525 - INFO - Subscribed to envsensors/airQ/airQDORO
2024-09-05 14:16:07,557 - INFO - Subscribed to envsensors/airQ/airQFOYER
2024-09-05 14:16:07,624 - INFO - Received message on topic: envsensors/airQ/airQROB
2024-09-05 14:16:07,690 - INFO - Created new file airQROB.csv and wrote header
2024-09-05 14:16:07,707 - INFO - Appended data to airQROB.csv
2024-09-05 14:16:07,740 - INFO - Received message on topic: envsensors/airQ/airQRITA
2024-09-05 14:16:07,808 - INFO - Created new file airQRITA.csv and wrote header
2024-09-05 14:16:07,823 - INFO - Appended data to airQRITA.csv
2024-09-05 14:16:07,881 - INFO - Received message on topic: envsensors/airQ/airQMOMO
2024-09-05 14:16:07,924 - INFO - Created new file airQMOMO.csv and wrote header
2024-09-05 14:16:07,940 - INFO - Appended data to airQMOMO.csv
2024-09-05 14:16:08,041 - INFO - Received message on topic: envsensors/airQ/airQHANS
2024-09-05 14:16:08,090 - INFO - Created new file airQHANS.csv and wrote header
2024-09-05 14:16:08,107 - INFO - Appended data to airQHANS.csv
2024-09-05 14:16:08,173 - INFO - Received message on topic: envsensors/airQ/airQDORO
2024-09-05 14:16:08,207 - INFO - Created new file airQDORO.csv and wrote header
2024-09-05 14:16:08,223 - INFO - Appended data to airQDORO.csv
2024-09-05 14:16:08,372 - INFO - Received message on topic: envsensors/airQ/airQFOYER
2024-09-05 14:16:08,471 - INFO - Created new file airQFOYER.csv and wrote header
2024-09-05 14:16:08,504 - INFO - Appended data to airQFOYER.csv
2024-09-05 14:16:18,670 - INFO - Exiting gracefully
2024-09-05 14:16:18,768 - INFO - MQTT client disconnected and loop stopped
2024-09-05 14:17:34,828 - INFO - Attempting to connect to MQTT broker at 192.168.1.233:1883
2024-09-05 14:17:34,877 - INFO - Connected to the broker!
2024-09-05 14:17:34,912 - INFO - Subscribed to envsensors/airQ/airQROB
2024-09-05 14:17:34,935 - INFO - Subscribed to envsensors/airQ/airQRITA
2024-09-05 14:17:34,977 - INFO - Subscribed to envsensors/airQ/airQMOMO
2024-09-05 14:17:34,992 - INFO - Subscribed to envsensors/airQ/airQHANS
2024-09-05 14:17:35,044 - INFO - Subscribed to envsensors/airQ/airQDORO
2024-09-05 14:17:35,095 - INFO - Subscribed to envsensors/airQ/airQFOYER
2024-09-05 14:17:35,281 - INFO - Received message on topic: envsensors/airQ/airQROB
2024-09-05 14:17:35,358 - INFO - Created new file airQROB.csv and wrote header
2024-09-05 14:17:35,379 - INFO - Appended data to airQROB.csv
2024-09-05 14:17:35,493 - INFO - Received message on topic: envsensors/airQ/airQRITA
2024-09-05 14:17:35,575 - INFO - Created new file airQRITA.csv and wrote header
2024-09-05 14:17:35,609 - INFO - Appended data to airQRITA.csv
2024-09-05 14:17:35,660 - INFO - Received message on topic: envsensors/airQ/airQMOMO
2024-09-05 14:17:35,713 - INFO - Created new file airQMOMO.csv and wrote header
2024-09-05 14:17:35,745 - INFO - Appended data to airQMOMO.csv
2024-09-05 14:17:35,777 - INFO - Received message on topic: envsensors/airQ/airQHANS
2024-09-05 14:17:35,859 - INFO - Created new file airQHANS.csv and wrote header
2024-09-05 14:17:35,890 - INFO - Appended data to airQHANS.csv
2024-09-05 14:17:35,944 - INFO - Received message on topic: envsensors/airQ/airQDORO
2024-09-05 14:17:35,993 - INFO - Created new file airQDORO.csv and wrote header
2024-09-05 14:17:36,026 - INFO - Appended data to airQDORO.csv
2024-09-05 14:17:36,078 - INFO - Received message on topic: envsensors/airQ/airQFOYER
2024-09-05 14:17:36,159 - INFO - Created new file airQFOYER.csv and wrote header
2024-09-05 14:17:36,191 - INFO - Appended data to airQFOYER.csv
2024-09-05 14:17:51,543 - INFO - Received message on topic: envsensors/airQ/airQRITA
2024-09-05 14:17:51,603 - INFO - Appended data to airQRITA.csv
2024-09-05 14:17:53,108 - INFO - Received message on topic: envsensors/airQ/airQRITA
2024-09-05 14:17:53,221 - INFO - Appended data to airQRITA.csv
2024-09-05 14:17:56,520 - INFO - Exiting gracefully
2024-09-05 14:19:37,834 - INFO - Attempting to connect to MQTT broker at 192.168.1.233:1883
2024-09-05 14:19:37,884 - INFO - Connected to the broker!
2024-09-05 14:19:37,918 - INFO - Subscribed to envsensors/airQ/airQROB
2024-09-05 14:19:37,952 - INFO - Subscribed to envsensors/airQ/airQRITA
2024-09-05 14:19:37,984 - INFO - Subscribed to envsensors/airQ/airQMOMO
2024-09-05 14:19:38,017 - INFO - Subscribed to envsensors/airQ/airQHANS
2024-09-05 14:19:38,052 - INFO - Subscribed to envsensors/airQ/airQDORO
2024-09-05 14:19:38,084 - INFO - Subscribed to envsensors/airQ/airQFOYER
2024-09-05 14:19:38,233 - INFO - Received message on topic: envsensors/airQ/airQROB
2024-09-05 14:19:38,284 - INFO - Created new file airQROB.csv and wrote header
2024-09-05 14:19:38,317 - INFO - Appended data to airQROB.csv
2024-09-05 14:19:38,367 - INFO - Received message on topic: envsensors/airQ/airQRITA
2024-09-05 14:19:38,451 - INFO - Created new file airQRITA.csv and wrote header
2024-09-05 14:19:38,483 - INFO - Appended data to airQRITA.csv
2024-09-05 14:19:38,615 - INFO - Received message on topic: envsensors/airQ/airQMOMO
2024-09-05 14:19:38,686 - INFO - Created new file airQMOMO.csv and wrote header
2024-09-05 14:19:38,718 - INFO - Appended data to airQMOMO.csv
2024-09-05 14:19:38,836 - INFO - Received message on topic: envsensors/airQ/airQHANS
2024-09-05 14:19:38,917 - INFO - Created new file airQHANS.csv and wrote header
2024-09-05 14:19:38,948 - INFO - Appended data to airQHANS.csv
2024-09-05 14:19:39,068 - INFO - Received message on topic: envsensors/airQ/airQDORO
2024-09-05 14:19:39,150 - INFO - Created new file airQDORO.csv and wrote header
2024-09-05 14:19:39,181 - INFO - Appended data to airQDORO.csv
2024-09-05 14:19:39,351 - INFO - Received message on topic: envsensors/airQ/airQFOYER
2024-09-05 14:19:39,436 - INFO - Created new file airQFOYER.csv and wrote header
2024-09-05 14:19:39,467 - INFO - Appended data to airQFOYER.csv
2024-09-05 14:19:42,479 - INFO - Received message on topic: envsensors/airQ/airQRITA
2024-09-05 14:19:42,563 - INFO - Appended data to airQRITA.csv
2024-09-05 14:19:47,692 - INFO - Received message on topic: envsensors/airQ/airQRITA
2024-09-05 14:19:47,767 - INFO - Appended data to airQRITA.csv
2024-09-05 14:19:52,956 - INFO - Received message on topic: envsensors/airQ/airQRITA
2024-09-05 14:19:52,995 - INFO - Appended data to airQRITA.csv
2024-09-05 14:19:58,232 - INFO - Received message on topic: envsensors/airQ/airQRITA
2024-09-05 14:19:58,349 - INFO - Appended data to airQRITA.csv
2024-09-05 14:20:02,963 - INFO - Received message on topic: envsensors/airQ/airQRITA
2024-09-05 14:20:03,049 - INFO - Appended data to airQRITA.csv
2024-09-05 14:20:08,406 - INFO - Received message on topic: envsensors/airQ/airQRITA
2024-09-05 14:20:08,462 - INFO - Appended data to airQRITA.csv
2024-09-05 14:20:14,805 - INFO - Received message on topic: envsensors/airQ/airQRITA
2024-09-05 14:20:14,848 - INFO - Appended data to airQRITA.csv
2024-09-05 14:20:21,064 - INFO - Received message on topic: envsensors/airQ/airQRITA
2024-09-05 14:20:21,146 - INFO - Appended data to airQRITA.csv
2024-09-05 14:20:26,141 - INFO - Received message on topic: envsensors/airQ/airQRITA
2024-09-05 14:20:26,173 - INFO - Appended data to airQRITA.csv
2024-09-05 14:20:33,037 - INFO - Received message on topic: envsensors/airQ/airQDORO
2024-09-05 14:20:33,155 - INFO - Appended data to airQDORO.csv
2024-09-05 14:21:08,691 - INFO - Received message on topic: envsensors/airQ/airQRITA
2024-09-05 14:21:08,741 - INFO - Appended data to airQRITA.csv
2024-09-05 14:21:09,684 - INFO - Received message on topic: envsensors/airQ/airQRITA
2024-09-05 14:21:09,729 - INFO - Appended data to airQRITA.csv
2024-09-05 14:21:14,665 - INFO - Received message on topic: envsensors/airQ/airQRITA
2024-09-05 14:21:14,763 - INFO - Appended data to airQRITA.csv
2024-09-05 14:21:19,832 - INFO - Received message on topic: envsensors/airQ/airQRITA
2024-09-05 14:21:19,877 - INFO - Appended data to airQRITA.csv
2024-09-05 14:21:25,603 - INFO - Received message on topic: envsensors/airQ/airQRITA
2024-09-05 14:21:25,685 - INFO - Appended data to airQRITA.csv
2024-09-05 14:21:30,360 - INFO - Received message on topic: envsensors/airQ/airQRITA
2024-09-05 14:21:30,385 - INFO - Appended data to airQRITA.csv
2024-09-05 14:21:35,560 - INFO - Received message on topic: envsensors/airQ/airQRITA
2024-09-05 14:21:35,626 - INFO - Appended data to airQRITA.csv
2024-09-05 14:21:40,992 - INFO - Exiting gracefully
2024-09-05 14:21:41,046 - INFO - Received message on topic: envsensors/airQ/airQRITA
2024-09-05 14:21:41,046 - INFO - Appended data to airQRITA.csv
2024-09-05 14:21:41,047 - INFO - MQTT client disconnected and loop stopped
2024-09-05 14:22:01,617 - INFO - Attempting to connect to MQTT broker at 192.168.1.233:1883
2024-09-05 14:22:01,650 - INFO - Connected to the broker!
2024-09-05 14:22:01,700 - INFO - Subscribed to envsensors/airQ/airQROB
2024-09-05 14:22:01,750 - INFO - Subscribed to envsensors/airQ/airQRITA
2024-09-05 14:22:01,767 - INFO - Subscribed to envsensors/airQ/airQMOMO
2024-09-05 14:22:01,817 - INFO - Subscribed to envsensors/airQ/airQHANS
2024-09-05 14:22:01,861 - INFO - Subscribed to envsensors/airQ/airQDORO
2024-09-05 14:22:01,900 - INFO - Subscribed to envsensors/airQ/airQFOYER
2024-09-05 14:22:02,115 - INFO - Received message on topic: envsensors/airQ/airQROB
2024-09-05 14:22:02,168 - INFO - Created new file airQROB.csv and wrote header
2024-09-05 14:22:02,183 - INFO - Appended data to airQROB.csv
2024-09-05 14:22:02,233 - INFO - Received message on topic: envsensors/airQ/airQRITA
2024-09-05 14:22:02,338 - INFO - Created new file airQRITA.csv and wrote header
2024-09-05 14:22:02,349 - INFO - Appended data to airQRITA.csv
2024-09-05 14:22:02,449 - INFO - Received message on topic: envsensors/airQ/airQMOMO
2024-09-05 14:22:02,484 - INFO - Created new file airQMOMO.csv and wrote header
2024-09-05 14:22:02,517 - INFO - Appended data to airQMOMO.csv
2024-09-05 14:22:02,583 - INFO - Received message on topic: envsensors/airQ/airQHANS
2024-09-05 14:22:02,653 - INFO - Created new file airQHANS.csv and wrote header
2024-09-05 14:22:02,684 - INFO - Appended data to airQHANS.csv
2024-09-05 14:22:02,755 - INFO - Received message on topic: envsensors/airQ/airQDORO
2024-09-05 14:22:02,800 - INFO - Created new file airQDORO.csv and wrote header
2024-09-05 14:22:02,805 - INFO - Appended data to airQDORO.csv
2024-09-05 14:22:02,866 - INFO - Received message on topic: envsensors/airQ/airQFOYER
2024-09-05 14:22:02,939 - INFO - Created new file airQFOYER.csv and wrote header
2024-09-05 14:22:02,966 - INFO - Appended data to airQFOYER.csv
2024-09-05 14:22:03,950 - INFO - Received message on topic: envsensors/airQ/airQRITA
2024-09-05 14:22:03,999 - INFO - Appended data to airQRITA.csv
2024-09-05 14:22:06,982 - INFO - Received message on topic: envsensors/airQ/airQMOMO
2024-09-05 14:22:07,069 - INFO - Appended data to airQMOMO.csv
2024-09-05 14:22:10,249 - INFO - Received message on topic: envsensors/airQ/airQRITA
2024-09-05 14:22:10,317 - INFO - Appended data to airQRITA.csv
2024-09-05 14:22:15,069 - INFO - Received message on topic: envsensors/airQ/airQRITA
2024-09-05 14:22:15,128 - INFO - Appended data to airQRITA.csv
2024-09-05 14:22:20,573 - INFO - Received message on topic: envsensors/airQ/airQRITA
2024-09-05 14:22:20,636 - INFO - Appended data to airQRITA.csv
2024-09-05 14:22:58,072 - INFO - Received message on topic: envsensors/airQ/airQROB
2024-09-05 14:22:58,159 - INFO - Appended data to airQROB.csv
2024-09-05 14:23:04,625 - INFO - Received message on topic: envsensors/airQ/airQRITA
2024-09-05 14:23:04,739 - INFO - Appended data to airQRITA.csv
2024-09-05 14:23:06,405 - INFO - Received message on topic: envsensors/airQ/airQRITA
2024-09-05 14:23:06,489 - INFO - Appended data to airQRITA.csv
2024-09-05 14:23:10,998 - INFO - Received message on topic: envsensors/airQ/airQRITA
2024-09-05 14:23:11,071 - INFO - Appended data to airQRITA.csv
2024-09-05 14:23:16,202 - INFO - Received message on topic: envsensors/airQ/airQRITA
2024-09-05 14:23:16,286 - INFO - Appended data to airQRITA.csv
2024-09-05 14:23:21,126 - INFO - Received message on topic: envsensors/airQ/airQRITA
2024-09-05 14:23:21,217 - INFO - Appended data to airQRITA.csv
2024-09-05 14:23:21,662 - INFO - Exiting gracefully
2024-09-05 14:24:26,022 - INFO - Attempting to connect to MQTT broker at 192.168.1.233:1883
2024-09-05 14:24:26,072 - INFO - Connected to the broker!
2024-09-05 14:24:26,088 - INFO - Subscribed to envsensors/airQ/airQROB
2024-09-05 14:24:26,137 - INFO - Subscribed to envsensors/airQ/airQRITA
2024-09-05 14:24:26,171 - INFO - Subscribed to envsensors/airQ/airQMOMO
2024-09-05 14:24:26,220 - INFO - Subscribed to envsensors/airQ/airQHANS
2024-09-05 14:24:26,270 - INFO - Subscribed to envsensors/airQ/airQDORO
2024-09-05 14:24:26,320 - INFO - Subscribed to envsensors/airQ/airQFOYER
2024-09-05 14:24:26,486 - INFO - Received message on topic: envsensors/airQ/airQROB
2024-09-05 14:24:26,584 - INFO - Created new file airQROB.csv and wrote header
2024-09-05 14:24:26,596 - INFO - Appended data to airQROB.csv
2024-09-05 14:24:26,718 - INFO - Received message on topic: envsensors/airQ/airQRITA
2024-09-05 14:24:26,770 - INFO - Created new file airQRITA.csv and wrote header
2024-09-05 14:24:26,786 - INFO - Appended data to airQRITA.csv
2024-09-05 14:24:26,853 - INFO - Received message on topic: envsensors/airQ/airQMOMO
2024-09-05 14:24:26,936 - INFO - Created new file airQMOMO.csv and wrote header
2024-09-05 14:24:26,968 - INFO - Appended data to airQMOMO.csv
2024-09-05 14:24:27,114 - INFO - Received message on topic: envsensors/airQ/airQHANS
2024-09-05 14:24:27,220 - INFO - Created new file airQHANS.csv and wrote header
2024-09-05 14:24:27,253 - INFO - Appended data to airQHANS.csv
2024-09-05 14:24:27,321 - INFO - Received message on topic: envsensors/airQ/airQDORO
2024-09-05 14:24:27,421 - INFO - Created new file airQDORO.csv and wrote header
2024-09-05 14:24:27,453 - INFO - Appended data to airQDORO.csv
2024-09-05 14:24:27,536 - INFO - Received message on topic: envsensors/airQ/airQFOYER
2024-09-05 14:24:27,651 - INFO - Created new file airQFOYER.csv and wrote header
2024-09-05 14:24:27,685 - INFO - Appended data to airQFOYER.csv
2024-09-05 14:24:52,027 - INFO - Received message on topic: envsensors/airQ/airQRITA
2024-09-05 14:24:52,067 - INFO - Appended data to airQRITA.csv
2024-09-05 14:24:53,428 - INFO - Received message on topic: envsensors/airQ/airQRITA
2024-09-05 14:24:53,477 - INFO - Appended data to airQRITA.csv
2024-09-05 14:24:58,693 - INFO - Received message on topic: envsensors/airQ/airQRITA
2024-09-05 14:24:58,778 - INFO - Appended data to airQRITA.csv
2024-09-05 14:25:04,495 - INFO - Received message on topic: envsensors/airQ/airQRITA
2024-09-05 14:25:04,595 - INFO - Appended data to airQRITA.csv
2024-09-05 14:25:09,689 - INFO - Received message on topic: envsensors/airQ/airQRITA
2024-09-05 14:25:09,757 - INFO - Appended data to airQRITA.csv
2024-09-05 14:25:09,891 - INFO - Exiting gracefully
2024-09-05 14:26:14,365 - INFO - Attempting to connect to MQTT broker at 192.168.1.233:1883
2024-09-05 14:26:14,397 - INFO - Connected to the broker!
2024-09-05 14:26:14,431 - INFO - Subscribed to envsensors/airQ/airQROB
2024-09-05 14:26:14,447 - INFO - Subscribed to envsensors/airQ/airQRITA
2024-09-05 14:26:14,480 - INFO - Subscribed to envsensors/airQ/airQMOMO
2024-09-05 14:26:14,512 - INFO - Subscribed to envsensors/airQ/airQHANS
2024-09-05 14:26:14,563 - INFO - Subscribed to envsensors/airQ/airQDORO
2024-09-05 14:26:14,597 - INFO - Subscribed to envsensors/airQ/airQFOYER
2024-09-05 14:26:14,728 - INFO - Received message on topic: envsensors/airQ/airQROB
2024-09-05 14:26:14,763 - INFO - Created new file airQROB.csv and wrote header
2024-09-05 14:26:14,797 - INFO - Appended data to airQROB.csv
2024-09-05 14:26:14,881 - INFO - Received message on topic: envsensors/airQ/airQRITA
2024-09-05 14:26:14,997 - INFO - Created new file airQRITA.csv and wrote header
2024-09-05 14:26:15,029 - INFO - Appended data to airQRITA.csv
2024-09-05 14:26:15,113 - INFO - Received message on topic: envsensors/airQ/airQMOMO
2024-09-05 14:26:15,197 - INFO - Created new file airQMOMO.csv and wrote header
2024-09-05 14:26:15,229 - INFO - Appended data to airQMOMO.csv
2024-09-05 14:26:15,396 - INFO - Received message on topic: envsensors/airQ/airQHANS
2024-09-05 14:26:15,494 - INFO - Created new file airQHANS.csv and wrote header
2024-09-05 14:26:15,528 - INFO - Appended data to airQHANS.csv
2024-09-05 14:26:15,598 - INFO - Received message on topic: envsensors/airQ/airQDORO
2024-09-05 14:26:15,694 - INFO - Created new file airQDORO.csv and wrote header
2024-09-05 14:26:15,731 - INFO - Appended data to airQDORO.csv
2024-09-05 14:26:15,813 - INFO - Received message on topic: envsensors/airQ/airQFOYER
2024-09-05 14:26:15,867 - INFO - Created new file airQFOYER.csv and wrote header
2024-09-05 14:26:15,874 - INFO - Appended data to airQFOYER.csv
2024-09-05 14:26:17,703 - INFO - Exiting gracefully
2024-09-05 14:31:04,355 - INFO - Attempting to connect to MQTT broker at 192.168.1.233:1883
2024-09-05 14:31:04,377 - INFO - Connected to the broker!
2024-09-05 14:31:04,410 - INFO - Subscribed to envsensors/airQ/airQROB
2024-09-05 14:31:04,461 - INFO - Subscribed to envsensors/airQ/airQRITA
2024-09-05 14:31:04,510 - INFO - Subscribed to envsensors/airQ/airQMOMO
2024-09-05 14:31:04,526 - INFO - Subscribed to envsensors/airQ/airQHANS
2024-09-05 14:31:04,543 - INFO - Subscribed to envsensors/airQ/airQDORO
2024-09-05 14:31:04,576 - INFO - Subscribed to envsensors/airQ/airQFOYER
2024-09-05 14:31:04,643 - INFO - Received message on topic: envsensors/airQ/airQROB
2024-09-05 14:31:04,711 - INFO - Created new file airQROB.csv and wrote header
2024-09-05 14:31:04,726 - INFO - Appended processed data to airQROB.csv
2024-09-05 14:31:04,776 - INFO - Received message on topic: envsensors/airQ/airQRITA
2024-09-05 14:31:04,858 - INFO - Created new file airQRITA.csv and wrote header
2024-09-05 14:31:04,879 - INFO - Appended processed data to airQRITA.csv
2024-09-05 14:31:05,046 - INFO - Received message on topic: envsensors/airQ/airQMOMO
2024-09-05 14:31:05,126 - INFO - Created new file airQMOMO.csv and wrote header
2024-09-05 14:31:05,158 - INFO - Appended processed data to airQMOMO.csv
2024-09-05 14:31:05,209 - INFO - Received message on topic: envsensors/airQ/airQHANS
2024-09-05 14:31:05,309 - INFO - Created new file airQHANS.csv and wrote header
2024-09-05 14:31:05,325 - INFO - Appended processed data to airQHANS.csv
2024-09-05 14:31:05,475 - INFO - Received message on topic: envsensors/airQ/airQDORO
2024-09-05 14:31:05,542 - INFO - Created new file airQDORO.csv and wrote header
2024-09-05 14:31:05,557 - INFO - Appended processed data to airQDORO.csv
2024-09-05 14:31:05,641 - INFO - Received message on topic: envsensors/airQ/airQFOYER
2024-09-05 14:31:05,693 - INFO - Created new file airQFOYER.csv and wrote header
2024-09-05 14:31:05,708 - INFO - Appended processed data to airQFOYER.csv
2024-09-05 14:31:07,655 - INFO - Exiting gracefully
2024-09-05 14:31:07,775 - INFO - MQTT client disconnected and loop stopped
2024-09-05 15:29:53,169 - INFO - Attempting to connect to MQTT broker at 192.168.1.233:1883
2024-09-05 15:29:53,200 - INFO - Connected to the broker!
2024-09-05 15:29:53,221 - INFO - Subscribed to envsensors/airQ/airQROB
2024-09-05 15:29:53,221 - INFO - Subscribed to envsensors/airQ/airQRITA
2024-09-05 15:29:53,236 - INFO - Subscribed to envsensors/airQ/airQMOMO
2024-09-05 15:29:53,270 - INFO - Subscribed to envsensors/airQ/airQHANS
2024-09-05 15:29:53,304 - INFO - Subscribed to envsensors/airQ/airQDORO
2024-09-05 15:29:53,337 - INFO - Subscribed to envsensors/airQ/airQFOYER
2024-09-05 15:29:53,420 - INFO - Received message on topic: envsensors/airQ/airQROB
2024-09-05 15:29:53,487 - INFO - Created new file airQROB.csv and wrote header
2024-09-05 15:29:53,520 - INFO - Appended processed data to airQROB.csv
2024-09-05 15:29:53,603 - INFO - Received message on topic: envsensors/airQ/airQRITA
2024-09-05 15:29:53,687 - INFO - Created new file airQRITA.csv and wrote header
2024-09-05 15:29:53,702 - INFO - Appended processed data to airQRITA.csv
2024-09-05 15:29:53,770 - INFO - Received message on topic: envsensors/airQ/airQMOMO
2024-09-05 15:29:53,852 - INFO - Created new file airQMOMO.csv and wrote header
2024-09-05 15:29:53,867 - INFO - Appended processed data to airQMOMO.csv
2024-09-05 15:29:53,952 - INFO - Received message on topic: envsensors/airQ/airQHANS
2024-09-05 15:29:54,020 - INFO - Created new file airQHANS.csv and wrote header
2024-09-05 15:29:54,053 - INFO - Appended processed data to airQHANS.csv
2024-09-05 15:29:54,135 - INFO - Received message on topic: envsensors/airQ/airQDORO
2024-09-05 15:29:54,204 - INFO - Created new file airQDORO.csv and wrote header
2024-09-05 15:29:54,253 - INFO - Appended processed data to airQDORO.csv
2024-09-05 15:29:54,320 - INFO - Received message on topic: envsensors/airQ/airQFOYER
2024-09-05 15:29:54,370 - INFO - Created new file airQFOYER.csv and wrote header
2024-09-05 15:29:54,387 - INFO - Appended processed data to airQFOYER.csv
2024-09-05 15:29:54,453 - INFO - Received message on topic: envsensors/airQ/airQRITA
2024-09-05 15:29:54,534 - INFO - Appended processed data to airQRITA.csv
2024-09-05 15:29:59,232 - INFO - Received message on topic: envsensors/airQ/airQRITA
2024-09-05 15:29:59,319 - INFO - Appended processed data to airQRITA.csv
2024-09-05 15:30:04,290 - INFO - Received message on topic: envsensors/airQ/airQRITA
2024-09-05 15:30:04,366 - INFO - Appended processed data to airQRITA.csv
2024-09-05 15:30:09,115 - INFO - Received message on topic: envsensors/airQ/airQRITA
2024-09-05 15:30:09,131 - INFO - Appended processed data to airQRITA.csv
2024-09-05 15:30:14,260 - INFO - Received message on topic: envsensors/airQ/airQRITA
2024-09-05 15:30:14,329 - INFO - Appended processed data to airQRITA.csv
2024-09-05 15:30:21,085 - INFO - Received message on topic: envsensors/airQ/airQRITA
2024-09-05 15:30:21,160 - INFO - Appended processed data to airQRITA.csv
2024-09-05 15:30:25,853 - INFO - Received message on topic: envsensors/airQ/airQRITA
2024-09-05 15:30:25,909 - INFO - Appended processed data to airQRITA.csv
2024-09-05 15:30:31,151 - INFO - Received message on topic: envsensors/airQ/airQRITA
2024-09-05 15:30:31,191 - INFO - Appended processed data to airQRITA.csv
2024-09-05 15:30:37,904 - INFO - Received message on topic: envsensors/airQ/airQDORO
2024-09-05 15:30:37,973 - INFO - Appended processed data to airQDORO.csv
2024-09-05 15:30:52,301 - INFO - Exiting gracefully
2024-09-05 15:30:52,433 - INFO - MQTT client disconnected and loop stopped
